Determining if the pthread_create exist failed with the following output:
Change Dir: /home/sicong/slambook/ch10/ceres_custombundle/cmake-build-debug/CMakeFiles/CMakeTmp

Run Build Command:"/usr/bin/make" "cmTryCompileExec4242924533/fast"
/usr/bin/make -f CMakeFiles/cmTryCompileExec4242924533.dir/build.make CMakeFiles/cmTryCompileExec4242924533.dir/build
make[1]: Entering directory `/home/sicong/slambook/ch10/ceres_custombundle/cmake-build-debug/CMakeFiles/CMakeTmp'
/usr/bin/cmake -E cmake_progress_report /home/sicong/slambook/ch10/ceres_custombundle/cmake-build-debug/CMakeFiles/CMakeTmp/CMakeFiles 1
Building C object CMakeFiles/cmTryCompileExec4242924533.dir/CheckSymbolExists.c.o
/usr/bin/cc    -o CMakeFiles/cmTryCompileExec4242924533.dir/CheckSymbolExists.c.o   -c /home/sicong/slambook/ch10/ceres_custombundle/cmake-build-debug/CMakeFiles/CMakeTmp/CheckSymbolExists.c
Linking C executable cmTryCompileExec4242924533
/usr/bin/cmake -E cmake_link_script CMakeFiles/cmTryCompileExec4242924533.dir/link.txt --verbose=1
/usr/bin/cc       CMakeFiles/cmTryCompileExec4242924533.dir/CheckSymbolExists.c.o  -o cmTryCompileExec4242924533 -rdynamic 
CMakeFiles/cmTryCompileExec4242924533.dir/CheckSymbolExists.c.o: In function `main':
CheckSymbolExists.c:(.text+0x16): undefined reference to `pthread_create'
collect2: error: ld returned 1 exit status
make[1]: Leaving directory `/home/sicong/slambook/ch10/ceres_custombundle/cmake-build-debug/CMakeFiles/CMakeTmp'
make[1]: *** [cmTryCompileExec4242924533] Error 1
make: *** [cmTryCompileExec4242924533/fast] Error 2

File /home/sicong/slambook/ch10/ceres_custombundle/cmake-build-debug/CMakeFiles/CMakeTmp/CheckSymbolExists.c:
/* */
#include <pthread.h>

int main(int argc, char** argv)
{
  (void)argv;
#ifndef pthread_create
  return ((int*)(&pthread_create))[argc];
#else
  (void)argc;
  return 0;
#endif
}

Determining if the function pthread_create exists in the pthreads failed with the following output:
Change Dir: /home/sicong/slambook/ch10/ceres_custombundle/cmake-build-debug/CMakeFiles/CMakeTmp

Run Build Command:"/usr/bin/make" "cmTryCompileExec2317673250/fast"
/usr/bin/make -f CMakeFiles/cmTryCompileExec2317673250.dir/build.make CMakeFiles/cmTryCompileExec2317673250.dir/build
make[1]: Entering directory `/home/sicong/slambook/ch10/ceres_custombundle/cmake-build-debug/CMakeFiles/CMakeTmp'
/usr/bin/cmake -E cmake_progress_report /home/sicong/slambook/ch10/ceres_custombundle/cmake-build-debug/CMakeFiles/CMakeTmp/CMakeFiles 1
Building C object CMakeFiles/cmTryCompileExec2317673250.dir/CheckFunctionExists.c.o
/usr/bin/cc   -DCHECK_FUNCTION_EXISTS=pthread_create   -o CMakeFiles/cmTryCompileExec2317673250.dir/CheckFunctionExists.c.o   -c /usr/share/cmake-3.0/Modules/CheckFunctionExists.c
Linking C executable cmTryCompileExec2317673250
/usr/bin/cmake -E cmake_link_script CMakeFiles/cmTryCompileExec2317673250.dir/link.txt --verbose=1
/usr/bin/cc   -DCHECK_FUNCTION_EXISTS=pthread_create    CMakeFiles/cmTryCompileExec2317673250.dir/CheckFunctionExists.c.o  -o cmTryCompileExec2317673250 -rdynamic -lpthreads 
/usr/bin/ld: cannot find -lpthreads
collect2: error: ld returned 1 exit status
make[1]: *** [cmTryCompileExec2317673250] Error 1
make[1]: Leaving directory `/home/sicong/slambook/ch10/ceres_custombundle/cmake-build-debug/CMakeFiles/CMakeTmp'
make: *** [cmTryCompileExec2317673250/fast] Error 2


